Card name: %s, imagesrc: %s Roland Banks /bundles/cards/01001.png
Card name: %s, imagesrc: %s Daisy Walker /bundles/cards/01002.png
Card name: %s, imagesrc: %s "Skids" O'Toole /bundles/cards/01003.png
Card name: %s, imagesrc: %s Agnes Baker /bundles/cards/01004.png
Card name: %s, imagesrc: %s Wendy Adams /bundles/cards/01005.png
Card name: %s, imagesrc: %s Roland's .38 Special /bundles/cards/01006.png
Card name: %s, imagesrc: %s Cover Up /bundles/cards/01007.png
Card name: %s, imagesrc: %s Daisy's Tote Bag /bundles/cards/01008.jpg
Card name: %s, imagesrc: %s The Necronomicon /bundles/cards/01009.png
Card name: %s, imagesrc: %s On the Lam /bundles/cards/01010.jpg
Card name: %s, imagesrc: %s Hospital Debts /bundles/cards/01011.png
Card name: %s, imagesrc: %s Heirloom of Hyperborea /bundles/cards/01012.jpg
Card name: %s, imagesrc: %s Dark Memory /bundles/cards/01013.jpg
Card name: %s, imagesrc: %s Wendy's Amulet /bundles/cards/01014.png
Card name: %s, imagesrc: %s Abandoned and Alone /bundles/cards/01015.png
Card name: %s, imagesrc: %s .45 Automatic /bundles/cards/01016.png
Card name: %s, imagesrc: %s Physical Training /bundles/cards/01017.png
Card name: %s, imagesrc: %s Beat Cop /bundles/cards/01018.png
Card name: %s, imagesrc: %s First Aid /bundles/cards/01019.jpg
Card name: %s, imagesrc: %s Machete /bundles/cards/01020.png
Card name: %s, imagesrc: %s Guard Dog /bundles/cards/01021.jpg
Card name: %s, imagesrc: %s Evidence! /bundles/cards/01022.jpg
Card name: %s, imagesrc: %s Dodge /bundles/cards/01023.jpg
Card name: %s, imagesrc: %s Dynamite Blast /bundles/cards/01024.jpg
Card name: %s, imagesrc: %s Vicious Blow /bundles/cards/01025.jpg
Card name: %s, imagesrc: %s Extra Ammunition /bundles/cards/01026.png
Card name: %s, imagesrc: %s Police Badge /bundles/cards/01027.png
Card name: %s, imagesrc: %s Beat Cop /bundles/cards/01028.jpg
Card name: %s, imagesrc: %s Shotgun /bundles/cards/01029.png
Card name: %s, imagesrc: %s Magnifying Glass /bundles/cards/01030.png
Card name: %s, imagesrc: %s Old Book of Lore /bundles/cards/01031.png
Card name: %s, imagesrc: %s Research Librarian /bundles/cards/01032.png
Card name: %s, imagesrc: %s Dr. Milan Christopher /bundles/cards/01033.png
Card name: %s, imagesrc: %s Hyperawareness /bundles/cards/01034.png
Card name: %s, imagesrc: %s Medical Texts /bundles/cards/01035.jpg
Card name: %s, imagesrc: %s Mind over Matter /bundles/cards/01036.png
Card name: %s, imagesrc: %s Working a Hunch /bundles/cards/01037.jpg
Card name: %s, imagesrc: %s Barricade /bundles/cards/01038.png
Card name: %s, imagesrc: %s Deduction /bundles/cards/01039.jpg
Card name: %s, imagesrc: %s Magnifying Glass /bundles/cards/01040.png
Card name: %s, imagesrc: %s Disc of Itzamna /bundles/cards/01041.jpg
Card name: %s, imagesrc: %s Encyclopedia /bundles/cards/01042.png
Card name: %s, imagesrc: %s Cryptic Research /bundles/cards/01043.jpg
Card name: %s, imagesrc: %s Switchblade /bundles/cards/01044.jpg
Card name: %s, imagesrc: %s Burglary /bundles/cards/01045.png
Card name: %s, imagesrc: %s Pickpocketing /bundles/cards/01046.png
Card name: %s, imagesrc: %s .41 Derringer /bundles/cards/01047.jpg
Card name: %s, imagesrc: %s Leo De Luca /bundles/cards/01048.png
Card name: %s, imagesrc: %s Hard Knocks /bundles/cards/01049.jpg
Card name: %s, imagesrc: %s Elusive /bundles/cards/01050.png
Card name: %s, imagesrc: %s Backstab /bundles/cards/01051.png
Card name: %s, imagesrc: %s Sneak Attack /bundles/cards/01052.jpg
Card name: %s, imagesrc: %s Opportunist /bundles/cards/01053.jpg
Card name: %s, imagesrc: %s Leo De Luca /bundles/cards/01054.jpg
Card name: %s, imagesrc: %s Cat Burglar /bundles/cards/01055.jpg
Card name: %s, imagesrc: %s Sure Gamble /bundles/cards/01056.jpg
Card name: %s, imagesrc: %s Hot Streak /bundles/cards/01057.png
Card name: %s, imagesrc: %s Forbidden Knowledge /bundles/cards/01058.jpg
Card name: %s, imagesrc: %s Holy Rosary /bundles/cards/01059.png
Card name: %s, imagesrc: %s Shrivelling /bundles/cards/01060.png
Card name: %s, imagesrc: %s Scrying /bundles/cards/01061.png
Card name: %s, imagesrc: %s Arcane Studies /bundles/cards/01062.jpg
Card name: %s, imagesrc: %s Arcane Initiate /bundles/cards/01063.png
Card name: %s, imagesrc: %s Drawn to the Flame /bundles/cards/01064.jpg
Card name: %s, imagesrc: %s Ward of Protection /bundles/cards/01065.jpg
Card name: %s, imagesrc: %s Blinding Light /bundles/cards/01066.png
Card name: %s, imagesrc: %s Fearless /bundles/cards/01067.jpg
Card name: %s, imagesrc: %s Mind Wipe /bundles/cards/01068.jpg
Card name: %s, imagesrc: %s Blinding Light /bundles/cards/01069.png
Card name: %s, imagesrc: %s Book of Shadows /bundles/cards/01070.jpg
Card name: %s, imagesrc: %s Grotesque Statue /bundles/cards/01071.png
Card name: %s, imagesrc: %s Leather Coat /bundles/cards/01072.jpg
Card name: %s, imagesrc: %s Scavenging /bundles/cards/01073.png
Card name: %s, imagesrc: %s Baseball Bat /bundles/cards/01074.png
Card name: %s, imagesrc: %s Rabbit's Foot /bundles/cards/01075.png
Card name: %s, imagesrc: %s Stray Cat /bundles/cards/01076.png
Card name: %s, imagesrc: %s Dig Deep /bundles/cards/01077.png
Card name: %s, imagesrc: %s Cunning Distraction /bundles/cards/01078.jpg
Card name: %s, imagesrc: %s "Look what I found!" /bundles/cards/01079.jpg
Card name: %s, imagesrc: %s Lucky! /bundles/cards/01080.png
Card name: %s, imagesrc: %s Survival Instinct /bundles/cards/01081.jpg
Card name: %s, imagesrc: %s Aquinnah /bundles/cards/01082.png
Card name: %s, imagesrc: %s Close Call /bundles/cards/01083.jpg
Card name: %s, imagesrc: %s Lucky! /bundles/cards/01084.png
Card name: %s, imagesrc: %s Will to Survive /bundles/cards/01085.jpg
Card name: %s, imagesrc: %s Knife /bundles/cards/01086.png
Card name: %s, imagesrc: %s Flashlight /bundles/cards/01087.png
Card name: %s, imagesrc: %s Emergency Cache /bundles/cards/01088.jpg
Card name: %s, imagesrc: %s Guts /bundles/cards/01089.jpg
Card name: %s, imagesrc: %s Perception /bundles/cards/01090.png
Card name: %s, imagesrc: %s Overpower /bundles/cards/01091.jpg
Card name: %s, imagesrc: %s Manual Dexterity /bundles/cards/01092.jpg
Card name: %s, imagesrc: %s Unexpected Courage /bundles/cards/01093.png
Card name: %s, imagesrc: %s Bulletproof Vest /bundles/cards/01094.png
Card name: %s, imagesrc: %s Elder Sign Amulet /bundles/cards/01095.jpg
Card name: %s, imagesrc: %s Amnesia /bundles/cards/01096.png
Card name: %s, imagesrc: %s Paranoia /bundles/cards/01097.png
Card name: %s, imagesrc: %s Haunted /bundles/cards/01098.jpg
Card name: %s, imagesrc: %s Psychosis /bundles/cards/01099.jpg
Card name: %s, imagesrc: %s Hypochondria /bundles/cards/01100.jpg
Card name: %s, imagesrc: %s Mob Enforcer /bundles/cards/01101.jpg
Card name: %s, imagesrc: %s Silver Twilight Acolyte /bundles/cards/01102.jpg
Card name: %s, imagesrc: %s Stubborn Detective /bundles/cards/01103.jpg
Card name: %s, imagesrc: %s The Gathering /bundles/cards/01104.jpg
Card name: %s, imagesrc: %s What's Going On?! /bundles/cards/01105.jpg
Card name: %s, imagesrc: %s Rise of the Ghouls /bundles/cards/01106.jpg
Card name: %s, imagesrc: %s They're Getting Out! /bundles/cards/01107.jpg
Card name: %s, imagesrc: %s Trapped /bundles/cards/01108.jpg
Card name: %s, imagesrc: %s The Barrier /bundles/cards/01109.jpg
Card name: %s, imagesrc: %s What Have You Done? /bundles/cards/01110.jpg
Card name: %s, imagesrc: %s Study /bundles/cards/01111.png
Card name: %s, imagesrc: %s Hallway /bundles/cards/01112.jpg
Card name: %s, imagesrc: %s Attic /bundles/cards/01113.jpg
Card name: %s, imagesrc: %s Cellar /bundles/cards/01114.jpg
Card name: %s, imagesrc: %s Parlor /bundles/cards/01115.jpg
Card name: %s, imagesrc: %s Ghoul Priest /bundles/cards/01116.png
Card name: %s, imagesrc: %s Lita Chantler /bundles/cards/01117.jpg
Card name: %s, imagesrc: %s Flesh-Eater /bundles/cards/01118.jpg
Card name: %s, imagesrc: %s Icy Ghoul /bundles/cards/01119.png
Card name: %s, imagesrc: %s The Midnight Masks /bundles/cards/01120.jpg
Card name: %s, imagesrc: %s Predator or Prey /bundles/cards/01121a.jpg
Card name: %s, imagesrc: %s Time Is Running Short /bundles/cards/01122.jpg
Card name: %s, imagesrc: %s Uncovering the Conspiracy /bundles/cards/01123.jpg
Card name: %s, imagesrc: %s Your House /bundles/cards/01124.jpg
Card name: %s, imagesrc: %s Rivertown /bundles/cards/01125.jpg
Card name: %s, imagesrc: %s Southside /bundles/cards/01126.jpg
Card name: %s, imagesrc: %s Southside /bundles/cards/01127.jpg
Card name: %s, imagesrc: %s St. Mary's Hospital /bundles/cards/01128.jpg
Card name: %s, imagesrc: %s Miskatonic University /bundles/cards/01129.jpg
Card name: %s, imagesrc: %s Downtown /bundles/cards/01130.jpg
Card name: %s, imagesrc: %s Downtown /bundles/cards/01131.jpg
Card name: %s, imagesrc: %s Easttown /bundles/cards/01132.jpg
Card name: %s, imagesrc: %s Graveyard /bundles/cards/01133.jpg
Card name: %s, imagesrc: %s Northside /bundles/cards/01134.jpg
Card name: %s, imagesrc: %s Hunting Shadow /bundles/cards/01135.jpg
Card name: %s, imagesrc: %s False Lead /bundles/cards/01136.jpg
Card name: %s, imagesrc: %s "Wolf-Man" Drew /bundles/cards/01137.jpg
Card name: %s, imagesrc: %s Herman Collins /bundles/cards/01138.jpg
Card name: %s, imagesrc: %s Peter Warren /bundles/cards/01139.jpg
Card name: %s, imagesrc: %s Victoria Devereux /bundles/cards/01140.jpg
Card name: %s, imagesrc: %s Ruth Turner /bundles/cards/01141.jpg
Card name: %s, imagesrc: %s The Devourer Below /bundles/cards/01142.jpg
Card name: %s, imagesrc: %s The Arkham Woods /bundles/cards/01143.jpg
Card name: %s, imagesrc: %s The Ritual Begins /bundles/cards/01144.jpg
Card name: %s, imagesrc: %s Vengeance Awaits /bundles/cards/01145.jpg
Card name: %s, imagesrc: %s Investigating the Trail /bundles/cards/01146.jpg
Card name: %s, imagesrc: %s Into the Darkness /bundles/cards/01147.jpg
Card name: %s, imagesrc: %s Disrupting the Ritual /bundles/cards/01148.jpg
Card name: %s, imagesrc: %s Main Path /bundles/cards/01149.jpg
Card name: %s, imagesrc: %s Arkham Woods /bundles/cards/01150.jpg
Card name: %s, imagesrc: %s Arkham Woods /bundles/cards/01151.jpg
Card name: %s, imagesrc: %s Arkham Woods /bundles/cards/01152.jpg
Card name: %s, imagesrc: %s Arkham Woods /bundles/cards/01153.jpg
Card name: %s, imagesrc: %s Arkham Woods /bundles/cards/01154.jpg
Card name: %s, imagesrc: %s Arkham Woods /bundles/cards/01155.jpg
Card name: %s, imagesrc: %s Ritual Site /bundles/cards/01156.jpg
Card name: %s, imagesrc: %s 