------- card without image -------
('Card name: %s', u'Random Basic Weakness')
{u'clues_fixed': False,
 u'code': u'01000',
 u'deck_limit': 1,
 u'double_sided': False,
 u'exceptional': False,
 u'exile': False,
 u'faction_code': u'neutral',
 u'faction_name': u'Neutral',
 u'health_per_investigator': False,
 u'hidden': True,
 u'is_unique': False,
 u'name': u'Random Basic Weakness',
 u'pack_code': u'core',
 u'pack_name': u'Core Set',
 u'permanent': False,
 u'position': 1000,
 u'quantity': 1,
 u'subtype_code': u'basicweakness',
 u'subtype_name': u'Basic Weakness',
 u'text': u'This is a placeholder random basic weakness\n You can replace it with a specific weakness using the Special tab or click the random button to replace it with a random weakness from your collection.',
 u'traits': u'',
 u'type_code': u'treachery',
 u'type_name': u'Treachery',
 u'url': u'https://arkhamdb.com/card/01000'}
('Card name: %s, imagesrc: %s', u'Roland Banks', u'/bundles/cards/01001.png')
('Card name: %s, imagesrc: %s', u'Daisy Walker', u'/bundles/cards/01002.png')
('Card name: %s, imagesrc: %s', u'"Skids" O\'Toole', u'/bundles/cards/01003.png')
('Card name: %s, imagesrc: %s', u'Agnes Baker', u'/bundles/cards/01004.png')
('Card name: %s, imagesrc: %s', u'Wendy Adams', u'/bundles/cards/01005.png')
('Card name: %s, imagesrc: %s', u"Roland's .38 Special", u'/bundles/cards/01006.png')
('Card name: %s, imagesrc: %s', u'Cover Up', u'/bundles/cards/01007.png')
('Card name: %s, imagesrc: %s', u"Daisy's Tote Bag", u'/bundles/cards/01008.jpg')
('Card name: %s, imagesrc: %s', u'The Necronomicon', u'/bundles/cards/01009.png')
('Card name: %s, imagesrc: %s', u'On the Lam', u'/bundles/cards/01010.jpg')
('Card name: %s, imagesrc: %s', u'Hospital Debts', u'/bundles/cards/01011.png')
('Card name: %s, imagesrc: %s', u'Heirloom of Hyperborea', u'/bundles/cards/01012.jpg')
('Card name: %s, imagesrc: %s', u'Dark Memory', u'/bundles/cards/01013.jpg')
('Card name: %s, imagesrc: %s', u"Wendy's Amulet", u'/bundles/cards/01014.png')
('Card name: %s, imagesrc: %s', u'Abandoned and Alone', u'/bundles/cards/01015.png')
('Card name: %s, imagesrc: %s', u'.45 Automatic', u'/bundles/cards/01016.png')
('Card name: %s, imagesrc: %s', u'Physical Training', u'/bundles/cards/01017.png')
('Card name: %s, imagesrc: %s', u'Beat Cop', u'/bundles/cards/01018.png')
('Card name: %s, imagesrc: %s', u'First Aid', u'/bundles/cards/01019.jpg')
('Card name: %s, imagesrc: %s', u'Machete', u'/bundles/cards/01020.png')
('Card name: %s, imagesrc: %s', u'Guard Dog', u'/bundles/cards/01021.jpg')
('Card name: %s, imagesrc: %s', u'Evidence!', u'/bundles/cards/01022.jpg')
('Card name: %s, imagesrc: %s', u'Dodge', u'/bundles/cards/01023.jpg')
('Card name: %s, imagesrc: %s', u'Dynamite Blast', u'/bundles/cards/01024.jpg')
('Card name: %s, imagesrc: %s', u'Vicious Blow', u'/bundles/cards/01025.jpg')
('Card name: %s, imagesrc: %s', u'Extra Ammunition', u'/bundles/cards/01026.png')
('Card name: %s, imagesrc: %s', u'Police Badge', u'/bundles/cards/01027.png')
('Card name: %s, imagesrc: %s', u'Beat Cop', u'/bundles/cards/01028.jpg')
('Card name: %s, imagesrc: %s', u'Shotgun', u'/bundles/cards/01029.png')
('Card name: %s, imagesrc: %s', u'Magnifying Glass', u'/bundles/cards/01030.png')
('Card name: %s, imagesrc: %s', u'Old Book of Lore', u'/bundles/cards/01031.png')
('Card name: %s, imagesrc: %s', u'Research Librarian', u'/bundles/cards/01032.png')
('Card name: %s, imagesrc: %s', u'Dr. Milan Christopher', u'/bundles/cards/01033.png')
('Card name: %s, imagesrc: %s', u'Hyperawareness', u'/bundles/cards/01034.png')
('Card name: %s, imagesrc: %s', u'Medical Texts', u'/bundles/cards/01035.jpg')
('Card name: %s, imagesrc: %s', u'Mind over Matter', u'/bundles/cards/01036.png')
('Card name: %s, imagesrc: %s', u'Working a Hunch', u'/bundles/cards/01037.jpg')
('Card name: %s, imagesrc: %s', u'Barricade', u'/bundles/cards/01038.png')
('Card name: %s, imagesrc: %s', u'Deduction', u'/bundles/cards/01039.jpg')
('Card name: %s, imagesrc: %s', u'Magnifying Glass', u'/bundles/cards/01040.png')
('Card name: %s, imagesrc: %s', u'Disc of Itzamna', u'/bundles/cards/01041.jpg')
('Card name: %s, imagesrc: %s', u'Encyclopedia', u'/bundles/cards/01042.png')
('Card name: %s, imagesrc: %s', u'Cryptic Research', u'/bundles/cards/01043.jpg')
('Card name: %s, imagesrc: %s', u'Switchblade', u'/bundles/cards/01044.jpg')
('Card name: %s, imagesrc: %s', u'Burglary', u'/bundles/cards/01045.png')
('Card name: %s, imagesrc: %s', u'Pickpocketing', u'/bundles/cards/01046.png')
('Card name: %s, imagesrc: %s', u'.41 Derringer', u'/bundles/cards/01047.jpg')
('Card name: %s, imagesrc: %s', u'Leo De Luca', u'/bundles/cards/01048.png')
('Card name: %s, imagesrc: %s', u'Hard Knocks', u'/bundles/cards/01049.jpg')
('Card name: %s, imagesrc: %s', u'Elusive', u'/bundles/cards/01050.png')
('Card name: %s, imagesrc: %s', u'Backstab', u'/bundles/cards/01051.png')
('Card name: %s, imagesrc: %s', u'Sneak Attack', u'/bundles/cards/01052.jpg')
('Card name: %s, imagesrc: %s', u'Opportunist', u'/bundles/cards/01053.jpg')
('Card name: %s, imagesrc: %s', u'Leo De Luca', u'/bundles/cards/01054.jpg')
('Card name: %s, imagesrc: %s', u'Cat Burglar', u'/bundles/cards/01055.jpg')
('Card name: %s, imagesrc: %s', u'Sure Gamble', u'/bundles/cards/01056.jpg')
('Card name: %s, imagesrc: %s', u'Hot Streak', u'/bundles/cards/01057.png')
('Card name: %s, imagesrc: %s', u'Forbidden Knowledge', u'/bundles/cards/01058.jpg')
('Card name: %s, imagesrc: %s', u'Holy Rosary', u'/bundles/cards/01059.png')
('Card name: %s, imagesrc: %s', u'Shrivelling', u'/bundles/cards/01060.png')
('Card name: %s, imagesrc: %s', u'Scrying', u'/bundles/cards/01061.png')
('Card name: %s, imagesrc: %s', u'Arcane Studies', u'/bundles/cards/01062.jpg')
('Card name: %s, imagesrc: %s', u'Arcane Initiate', u'/bundles/cards/01063.png')
('Card name: %s, imagesrc: %s', u'Drawn to the Flame', u'/bundles/cards/01064.jpg')
('Card name: %s, imagesrc: %s', u'Ward of Protection', u'/bundles/cards/01065.jpg')
('Card name: %s, imagesrc: %s', u'Blinding Light', u'/bundles/cards/01066.png')
('Card name: %s, imagesrc: %s', u'Fearless', u'/bundles/cards/01067.jpg')
('Card name: %s, imagesrc: %s', u'Mind Wipe', u'/bundles/cards/01068.jpg')
('Card name: %s, imagesrc: %s', u'Blinding Light', u'/bundles/cards/01069.png')
('Card name: %s, imagesrc: %s', u'Book of Shadows', u'/bundles/cards/01070.jpg')
('Card name: %s, imagesrc: %s', u'Grotesque Statue', u'/bundles/cards/01071.png')
('Card name: %s, imagesrc: %s', u'Leather Coat', u'/bundles/cards/01072.jpg')
('Card name: %s, imagesrc: %s', u'Scavenging', u'/bundles/cards/01073.png')
('Card name: %s, imagesrc: %s', u'Baseball Bat', u'/bundles/cards/01074.png')
('Card name: %s, imagesrc: %s', u"Rabbit's Foot", u'/bundles/cards/01075.png')
('Card name: %s, imagesrc: %s', u'Stray Cat', u'/bundles/cards/01076.png')
('Card name: %s, imagesrc: %s', u'Dig Deep', u'/bundles/cards/01077.png')
('Card name: %s, imagesrc: %s', u'Cunning Distraction', u'/bundles/cards/01078.jpg')
('Card name: %s, imagesrc: %s', u'"Look what I found!"', u'/bundles/cards/01079.jpg')
('Card name: %s, imagesrc: %s', u'Lucky!', u'/bundles/cards/01080.png')
('Card name: %s, imagesrc: %s', u'Survival Instinct', u'/bundles/cards/01081.jpg')
('Card name: %s, imagesrc: %s', u'Aquinnah', u'/bundles/cards/01082.png')
('Card name: %s, imagesrc: %s', u'Close Call', u'/bundles/cards/01083.jpg')
('Card name: %s, imagesrc: %s', u'Lucky!', u'/bundles/cards/01084.png')
('Card name: %s, imagesrc: %s', u'Will to Survive', u'/bundles/cards/01085.jpg')
('Card name: %s, imagesrc: %s', u'Knife', u'/bundles/cards/01086.png')
('Card name: %s, imagesrc: %s', u'Flashlight', u'/bundles/cards/01087.png')
('Card name: %s, imagesrc: %s', u'Emergency Cache', u'/bundles/cards/01088.jpg')
('Card name: %s, imagesrc: %s', u'Guts', u'/bundles/cards/01089.jpg')
('Card name: %s, imagesrc: %s', u'Perception', u'/bundles/cards/01090.png')
('Card name: %s, imagesrc: %s', u'Overpower', u'/bundles/cards/01091.jpg')
('Card name: %s, imagesrc: %s', u'Manual Dexterity', u'/bundles/cards/01092.jpg')
('Card name: %s, imagesrc: %s', u'Unexpected Courage', u'/bundles/cards/01093.png')
('Card name: %s, imagesrc: %s', u'Bulletproof Vest', u'/bundles/cards/01094.png')
('Card name: %s, imagesrc: %s', u'Elder Sign Amulet', u'/bundles/cards/01095.jpg')
('Card name: %s, imagesrc: %s', u'Amnesia', u'/bundles/cards/01096.png')
('Card name: %s, imagesrc: %s', u'Paranoia', u'/bundles/cards/01097.png')
('Card name: %s, imagesrc: %s', u'Haunted', u'/bundles/cards/01098.jpg')
('Card name: %s, imagesrc: %s', u'Psychosis', u'/bundles/cards/01099.jpg')
('Card name: %s, imagesrc: %s', u'Hypochondria', u'/bundles/cards/01100.jpg')
('Card name: %s, imagesrc: %s', u'Mob Enforcer', u'/bundles/cards/01101.jpg')
('Card name: %s, imagesrc: %s', u'Silver Twilight Acolyte', u'/bundles/cards/01102.jpg')
('Card name: %s, imagesrc: %s', u'Stubborn Detective', u'/bundles/cards/01103.jpg')
('Card name: %s, imagesrc: %s', u'Zoey Samaras', u'/bundles/cards/02001.png')
('Card name: %s, imagesrc: %s', u'Rex Murphy', u'/bundles/cards/02002.png')
('Card name: %s, imagesrc: %s', u'Jenny Barnes', u'/bundles/cards/02003.png')
('Card name: %s, imagesrc: %s', u'Jim Culver', u'/bundles/cards/02004.png')
('Card name: %s, imagesrc: %s', u'"Ashcan" Pete', u'/bundles/cards/02005.png')
('Card name: %s, imagesrc: %s', u"Zoey's Cross", u'/bundles/cards/02006.jpg')
('Card name: %s, imagesrc: %s', u'Smite the Wicked', u'/bundles/cards/02007.jpg')
('Card name: %s, imagesrc: %s', u'Search for the Truth', u'/bundles/cards/02008.jpg')
('Card name: %s, imagesrc: %s', u"Rex's Curse", u'/bundles/cards/02009.png')
('Card name: %s, imagesrc: %s', u"Jenny's Twin .45s", u'/bundles/cards/02010.png')
('Card name: %s, imagesrc: %s', u'Searching for Izzie', u'/bundles/cards/02011.png')
('Card name: %s, imagesrc: %s', u"Jim's Trumpet", u'/bundles/cards/02012.jpg')
('Card name: %s, imagesrc: %s', u'Final Rhapsody', u'/bundles/cards/02013.png')
('Card name: %s, imagesrc: %s', u'Duke', u'/bundles/cards/02014.png')
('Card name: %s, imagesrc: %s', u'Wracked by Nightmares', u'/bundles/cards/02015.jpg')
('Card name: %s, imagesrc: %s', u'Blackjack', u'/bundles/cards/02016.jpg')
('Card name: %s, imagesrc: %s', u'Taunt', u'/bundles/cards/02017.jpg')
('Card name: %s, imagesrc: %s', u'Teamwork', u'/bundles/cards/02018.jpg')
('Card name: %s, imagesrc: %s', u'Taunt', u'/bundles/cards/02019.jpg')
('Card name: %s, imagesrc: %s', u'Laboratory Assistant', u'/bundles/cards/02020.png')
('Card name: %s, imagesrc: %s', u'Strange Solution', u'/bundles/cards/02021.png')
('Card name: %s, imagesrc: %s', u'Shortcut', u'/bundles/cards/02022.png')
('Card name: %s, imagesrc: %s', u'Seeking Answers', u'/bundles/cards/02023.jpg')
('Card name: %s, imagesrc: %s', u'Liquid Courage', u'/bundles/cards/02024.jpg')
('Card name: %s, imagesrc: %s', u'Think on Your Feet', u'/bundles/cards/02025.png')
('Card name: %s, imagesrc: %s', u'Double or Nothing', u'/bundles/cards/02026.png')
('Card name: %s, imagesrc: %s', u'Hired Muscle', u'/bundles/cards/02027.jpg')
('Card name: %s, imagesrc: %s', u'Rite of Seeking', u'/bundles/cards/02028.png')
('Card name: %s, imagesrc: %s', u'Ritual Candles', u'/bundles/cards/02029.jpg')
('Card name: %s, imagesrc: %s', u'Clarity of Mind', u'/bundles/cards/02030.jpg')
('Card name: %s, imagesrc: %s', u'Bind Monster', u'/bundles/cards/02031.jpg')
('Card name: %s, imagesrc: %s', u'Fire Axe', u'/bundles/cards/02032.jpg')
('Card name: %s, imagesrc: %s', u'Peter Sylvestre', u'/bundles/cards/02033.png')
('Card name: %s, imagesrc: %s', u'Bait and Switch', u'/bundles/cards/02034.jpg')
('Card name: %s, imagesrc: %s', u'Peter Sylvestre', u'/bundles/cards/02035.png')
('Card name: %s, imagesrc: %s', u'Kukri', u'/bundles/cards/02036.jpg')
('Card name: %s, imagesrc: %s', u'Indebted', u'/bundles/cards/02037.jpg')
('Card name: %s, imagesrc: %s', u'Internal Injury', u'/bundles/cards/02038.jpg')
('Card name: %s, imagesrc: %s', u'Chronophobia', u'/bundles/cards/02039.jpg')
('Card name: %s, imagesrc: %s', u'Emergency Aid', u'/bundles/cards/02105.jpg')
('Card name: %s, imagesrc: %s', u'Brother Xavier', u'/bundles/cards/02106.jpg')
('Card name: %s, imagesrc: %s', u'"I\'ve got a plan!"', u'/bundles/cards/02107.jpg')
('Card name: %s, imagesrc: %s', u'Pathfinder', u'/bundles/cards/02108.jpg')
('Card name: %s, imagesrc: %s', u'Contraband', u'/bundles/cards/02109.jpg')
('Card name: %s, imagesrc: %s', u'Adaptable', u'/bundles/cards/02110.png')
('Card name: %s, imagesrc: %s', u'Delve Too Deep', u'/bundles/cards/02111.png')
('Card name: %s, imagesrc: %s', u'Song of the Dead', u'/bundles/cards/02112.jpg')
('Card name: %s, imagesrc: %s', u'Oops!', u'/bundles/cards/02113.jpg')
('Card name: %s, imagesrc: %s', u'Fire Extinguisher', u'/bundles/cards/02114.png')
('Card name: %s, imagesrc: %s', u'Flare', u'/bundles/cards/02115.png')
('Card name: %s, imagesrc: %s', u'Smoking Pipe', u'/bundles/cards/02116.jpg')
('Card name: %s, imagesrc: %s', u'Painkillers', u'/bundles/cards/02117.jpg')
('Card name: %s, imagesrc: %s', u'The Miskatonic Museum', u'/bundles/cards/02118b.jpg')
('Card name: %s, imagesrc: %s', u'Bandolier', u'/bundles/cards/02147.jpg')
('Card name: %s, imagesrc: %s', u'Stand Together', u'/bundles/cards/02148.png')
('Card name: %s, imagesrc: %s', u'Art Student', u'/bundles/cards/02149.jpg')
('Card name: %s, imagesrc: %s', u'Deduction', u'/bundles/cards/02150.jpg')
('Card name: %s, imagesrc: %s', u'"I\'m outta here!"', u'/bundles/cards/02151.png')
('Card name: %s, imagesrc: %s', u'Switchblade', u'/bundles/cards/02152.jpg')
('Card name: %s, imagesrc: %s', u'Hypnotic Gaze', u'/bundles/cards/02153.jpg')
('Card name: %s, imagesrc: %s', u'Shrivelling', u'/bundles/cards/02154.jpg')
('Card name: %s, imagesrc: %s', u'Newspaper', u'/bundles/cards/02155.jpg')
('Card name: %s, imagesrc: %s', u'Lure', u'/bundles/cards/02156.jpg')
('Card name: %s, imagesrc: %s', u'Relic Hunter', u'/bundles/cards/02157.jpg')
('Card name: %s, imagesrc: %s', u'Charisma', u'/bundles/cards/02158.png')
('Card name: %s, imagesrc: %s', u'Prepared for the Worst', u'/bundles/cards/02184.jpg')
('Card name: %s, imagesrc: %s', u'Keen Eye', u'/bundles/cards/02185.png')
('Card name: %s, imagesrc: %s', u'Preposterous Sketches', u'/bundles/cards/02186.jpg')
('Card name: %s, imagesrc: %s', u'Higher Education', u'/bundles/cards/02187.jpg')
('Card name: %s, imagesrc: %s', u'Lone Wolf', u'/bundles/cards/02188.jpg')
('Card name: %s, imagesrc: %s', u'Streetwise', u'/bundles/cards/02189.jpg')
('Card name: %s, imagesrc: %s', u'Defiance', u'/bundles/cards/02190.jpg')
('Card name: %s, imagesrc: %s', u'Blood Pact', u'/bundles/cards/02191.png')
('Card name: %s, imagesrc: %s', u'Rise to the Occasion', u'/bundles/cards/02192.jpg')
('Card name: %s, imagesrc: %s', u'Scrapper', u'/bundles/cards/02193.jpg')
('Card name: %s, imagesrc: %s', u'Emergency Cache', u'/bundles/cards/02194.png')
('Card name: %s, imagesrc: %s', u'"If it bleeds..."', u'/bundles/cards/02225.jpg')
('Card name: %s, imagesrc: %s', u'Springfield M1903', u'/bundles/cards/02226.jpg')
('Card name: %s, imagesrc: %s', u'Inquiring Mind', u'/bundles/cards/02227.jpg')
('Card name: %s, imagesrc: %s', u'Expose Weakness', u'/bundles/cards/02228.jpg')
('Card name: %s, imagesrc: %s', u'Quick Thinking', u'/bundles/cards/02229.png')
('Card name: %s, imagesrc: %s', u'Lucky Dice', u'/bundles/cards/02230.jpg')
('Card name: %s, imagesrc: %s', u'Opportunist', u'/bundles/cards/02231.jpg')
('Card name: %s, imagesrc: %s', u'Alyssa Graham', u'/bundles/cards/02232.jpg')
('Card name: %s, imagesrc: %s', u'Rite of Seeking', u'/bundles/cards/02233.png')
('Card name: %s, imagesrc: %s', u'Dark Horse', u'/bundles/cards/02234.jpg')
('Card name: %s, imagesrc: %s', u'Survival Instinct', u'/bundles/cards/02235.jpg')
('Card name: %s, imagesrc: %s', u'Undimensioned and Unseen', u'/bundles/cards/02236b.jpg')
('Card name: %s, imagesrc: %s', u'Leadership', u'/bundles/cards/02260.jpg')
('Card name: %s, imagesrc: %s', u'"I\'ve had worse\u2026"', u'/bundles/cards/02261.jpg')
('Card name: %s, imagesrc: %s', u'Strange Solution', u'/bundles/cards/02262.jpg')
('Card name: %s, imagesrc: %s', u'Strange Solution', u'/bundles/cards/02263.jpg')
('Card name: %s, imagesrc: %s', u'Strange Solution', u'/bundles/cards/02264.jpg')
('Card name: %s, imagesrc: %s', u'Joey "The Rat" Vigil', u'/bundles/cards/02265.jpg')
('Card name: %s, imagesrc: %s', u'Ace in the Hole', u'/bundles/cards/02266.jpg')
('Card name: %s, imagesrc: %s', u'Moonlight Ritual', u'/bundles/cards/02267.jpg')
('Card name: %s, imagesrc: %s', u'Fearless', u'/bundles/cards/02268.jpg')
('Card name: %s, imagesrc: %s', u'Jewel of Aureolus', u'/bundles/cards/02269.jpg')
('Card name: %s, imagesrc: %s', u'A Chance Encounter', u'/bundles/cards/02270.jpg')
('Card name: %s, imagesrc: %s', u'Stroke of Luck', u'/bundles/cards/02271.jpg')
('Card name: %s, imagesrc: %s', u'Fine Clothes', u'/bundles/cards/02272.jpg')
('Card name: %s, imagesrc: %s', u'Moment of Respite', u'/bundles/cards/02273.jpg')
('Card name: %s, imagesrc: %s', u'Vicious Blow', u'/bundles/cards/02299.jpg')
('Card name: %s, imagesrc: %s', u'Monster Slayer', u'/bundles/cards/02300.jpg')
('Card name: %s, imagesrc: %s', u'Lightning Gun', u'/bundles/cards/02301.jpg')
('Card name: %s, imagesrc: %s', u'Dr. William T. Maleson', u'/bundles/cards/02302.jpg')
('Card name: %s, imagesrc: %s', u'Deciphered Reality', u'/bundles/cards/02303.jpg')
('Card name: %s, imagesrc: %s', u'Chicago Typewriter', u'/bundles/cards/02304.jpg')
('Card name: %s, imagesrc: %s', u'The Gold Pocket Watch', u'/bundles/cards/02305.jpg')
('Card name: %s, imagesrc: %s', u'Shrivelling', u'/bundles/cards/02306.jpg')
('Card name: %s, imagesrc: %s', u'Ward of Protection', u'/bundles/cards/02307.jpg')
('Card name: %s, imagesrc: %s', u'Aquinnah', u'/bundles/cards/02308.jpg')
('Card name: %s, imagesrc: %s', u'Try and Try Again', u'/bundles/cards/02309.jpg')
('Card name: %s, imagesrc: %s', u'The Red-Gloved Man', u'/bundles/cards/02310.jpg')
('Card name: %s, imagesrc: %s', u'Lola Hayes', u'/bundles/cards/03006.png')
------- card without image -------
('Card name: %s', u'Improvisation')
{u'clues_fixed': False,
 u'code': u'03018',
 u'cost': 0,
 u'deck_limit': 2,
 u'double_sided': False,
 u'exceptional': False,
 u'exile': False,
 u'faction_code': u'neutral',
 u'faction_name': u'Neutral',
 u'health_per_investigator': False,
 u'hidden': False,
 u'illustrator': u'Borja Pindado',
 u'is_unique': False,
 u'name': u'Improvisation',
 u'pack_code': u'ptc',
 u'pack_name': u'The Path to Carcosa',
 u'permanent': False,
 u'position': 18,
 u'quantity': 2,
 u'restrictions': {u'investigator': [u'03006']},
 u'skill_wild': 2,
 u'text': u'Lola Hayes deck only.\nFast. Play only during your turn.\nSwitch your role. Until the end of your turn, reduce the resource cost of the next card you play of your role by 3. Draw 1 card.',
 u'traits': u'Insight.',
 u'type_code': u'event',
 u'type_name': u'Event',
 u'url': u'https://arkhamdb.com/card/03018'}
------- card without image -------
('Card name: %s', u'Crisis of Identity')
{u'clues_fixed': False,
 u'code': u'03019',
 u'deck_limit': 2,
 u'double_sided': False,
 u'exceptional': False,
 u'exile': False,
 u'faction_code': u'neutral',
 u'faction_name': u'Neutral',
 u'flavor': u'"I\'ve played so many roles. Madness is to be expected."',
 u'health_per_investigator': False,
 u'hidden': False,
 u'illustrator': u'Matt Bradbury',
 u'is_unique': False,
 u'name': u'Crisis of Identity',
 u'pack_code': u'ptc',
 u'pack_name': u'The Path to Carcosa',
 u'permanent': False,
 u'position': 19,
 u'quantity': 2,
 u'restrictions': {u'investigator': [u'03006']},
 u'subtype_code': u'weakness',
 u'subtype_name': u'Weakness',
 u'text': u'<b>Revelation</b> - Discard all cards you control of your current role. Then, discard the top card of your deck. Switch your role to the class of the discarded card (if the discarded card is a weakness, switch your role to neutral).',
 u'traits': u'Madness.',
 u'type_code': u'treachery',
 u'type_name': u'Treachery',
 u'url': u'https://arkhamdb.com/card/03019'}
------- card without image -------
('Card name: %s', u'Plucky')
{u'clues_fixed': False,
 u'code': u'03115',
 u'cost': 1,
 u'deck_limit': 2,
 u'double_sided': False,
 u'exceptional': False,
 u'exile': False,
 u'faction_code': u'survivor',
 u'faction_name': u'Survivor',
 u'health_per_investigator': False,
 u'hidden': False,
 u'illustrator': u'Dani Hartel',
 u'is_unique': False,
 u'name': u'Plucky',
 u'pack_code': u'eotp',
 u'pack_name': u'Echoes of the Past',
 u'permanent': False,
 u'position': 115,
 u'quantity': 2,
 u'skill_intellect': 1,
 u'skill_willpower': 1,
 u'text': u'Fast. Limit 1 <b>Composure</b> in play.\nNon-direct horror must be assigned to Plucky before it can be assigned to your investigator card.\n[free] Spend 1 resource: You get +1 [willpower] for this skill test.\n[free] Spend 1 resource: You get +1 [intellect] for this test.',
 u'traits': u'Talent. Composure.',
 u'type_code': u'asset',
 u'type_name': u'Asset',
 u'url': u'https://arkhamdb.com/card/03115',
 u'xp': 1}
------- card without image -------
('Card name: %s', u'Run For Your Life')
{u'clues_fixed': False,
 u'code': u'03119',
 u'deck_limit': 2,
 u'double_sided': False,
 u'exceptional': False,
 u'exile': False,
 u'faction_code': u'neutral',
 u'faction_name': u'Neutral',
 u'health_per_investigator': False,
 u'hidden': False,
 u'illustrator': u'Nicholas Elias',
 u'is_unique': False,
 u'name': u'Run For Your Life',
 u'pack_code': u'eotp',
 u'pack_name': u'Echoes of the Past',
 u'permanent': False,
 u'position': 119,
 u'quantity': 2,
 u'skill_agility': 4,
 u'text': u'Max 1 committed per skill test.\nCommit to a skill test only if you have 3 or fewer remaining sanity.',
 u'traits': u'Desperate.',
 u'type_code': u'skill',
 u'type_name': u'Skill',
 u'url': u'https://arkhamdb.com/card/03119',
 u'xp': 0}
('Card name: %s, imagesrc: %s', u'Marie Lambeau', u'/bundles/cards/99001.png')
('Card name: %s, imagesrc: %s', u'Mystifying Song', u'/bundles/cards/99002.png')
('Card name: %s, imagesrc: %s', u'Baron Samedi', u'/bundles/cards/99003.png')
