('Card name: %s, imagesrc: %s', u'Roland Banks', u'/bundles/cards/01001.png')
('Card name: %s, imagesrc: %s', u'Daisy Walker', u'/bundles/cards/01002.png')
('Card name: %s, imagesrc: %s', u'"Skids" O\'Toole', u'/bundles/cards/01003.png')
('Card name: %s, imagesrc: %s', u'Agnes Baker', u'/bundles/cards/01004.png')
('Card name: %s, imagesrc: %s', u'Wendy Adams', u'/bundles/cards/01005.png')
('Card name: %s, imagesrc: %s', u"Roland's .38 Special", u'/bundles/cards/01006.png')
('Card name: %s, imagesrc: %s', u'Cover Up', u'/bundles/cards/01007.png')
('Card name: %s, imagesrc: %s', u"Daisy's Tote Bag", u'/bundles/cards/01008.jpg')
('Card name: %s, imagesrc: %s', u'The Necronomicon', u'/bundles/cards/01009.png')
('Card name: %s, imagesrc: %s', u'On the Lam', u'/bundles/cards/01010.jpg')
('Card name: %s, imagesrc: %s', u'Hospital Debts', u'/bundles/cards/01011.png')
('Card name: %s, imagesrc: %s', u'Heirloom of Hyperborea', u'/bundles/cards/01012.jpg')
('Card name: %s, imagesrc: %s', u'Dark Memory', u'/bundles/cards/01013.jpg')
('Card name: %s, imagesrc: %s', u"Wendy's Amulet", u'/bundles/cards/01014.png')
('Card name: %s, imagesrc: %s', u'Abandoned and Alone', u'/bundles/cards/01015.png')
('Card name: %s, imagesrc: %s', u'.45 Automatic', u'/bundles/cards/01016.png')
('Card name: %s, imagesrc: %s', u'Physical Training', u'/bundles/cards/01017.png')
('Card name: %s, imagesrc: %s', u'Beat Cop', u'/bundles/cards/01018.png')
('Card name: %s, imagesrc: %s', u'First Aid', u'/bundles/cards/01019.jpg')
('Card name: %s, imagesrc: %s', u'Machete', u'/bundles/cards/01020.png')
('Card name: %s, imagesrc: %s', u'Guard Dog', u'/bundles/cards/01021.jpg')
('Card name: %s, imagesrc: %s', u'Evidence!', u'/bundles/cards/01022.jpg')
('Card name: %s, imagesrc: %s', u'Dodge', u'/bundles/cards/01023.jpg')
('Card name: %s, imagesrc: %s', u'Dynamite Blast', u'/bundles/cards/01024.jpg')
('Card name: %s, imagesrc: %s', u'Vicious Blow', u'/bundles/cards/01025.jpg')
('Card name: %s, imagesrc: %s', u'Extra Ammunition', u'/bundles/cards/01026.png')
('Card name: %s, imagesrc: %s', u'Police Badge', u'/bundles/cards/01027.png')
('Card name: %s, imagesrc: %s', u'Beat Cop', u'/bundles/cards/01028.jpg')
('Card name: %s, imagesrc: %s', u'Shotgun', u'/bundles/cards/01029.png')
('Card name: %s, imagesrc: %s', u'Magnifying Glass', u'/bundles/cards/01030.png')
('Card name: %s, imagesrc: %s', u'Old Book of Lore', u'/bundles/cards/01031.png')
('Card name: %s, imagesrc: %s', u'Research Librarian', u'/bundles/cards/01032.png')
('Card name: %s, imagesrc: %s', u'Dr. Milan Christopher', u'/bundles/cards/01033.png')
('Card name: %s, imagesrc: %s', u'Hyperawareness', u'/bundles/cards/01034.png')
('Card name: %s, imagesrc: %s', u'Medical Texts', u'/bundles/cards/01035.jpg')
('Card name: %s, imagesrc: %s', u'Mind over Matter', u'/bundles/cards/01036.png')
('Card name: %s, imagesrc: %s', u'Working a Hunch', u'/bundles/cards/01037.jpg')
('Card name: %s, imagesrc: %s', u'Barricade', u'/bundles/cards/01038.png')
('Card name: %s, imagesrc: %s', u'Deduction', u'/bundles/cards/01039.jpg')
('Card name: %s, imagesrc: %s', u'Magnifying Glass', u'/bundles/cards/01040.png')
('Card name: %s, imagesrc: %s', u'Disc of Itzamna', u'/bundles/cards/01041.jpg')
('Card name: %s, imagesrc: %s', u'Encyclopedia', u'/bundles/cards/01042.png')
('Card name: %s, imagesrc: %s', u'Cryptic Research', u'/bundles/cards/01043.jpg')
('Card name: %s, imagesrc: %s', u'Switchblade', u'/bundles/cards/01044.jpg')
('Card name: %s, imagesrc: %s', u'Burglary', u'/bundles/cards/01045.png')
('Card name: %s, imagesrc: %s', u'Pickpocketing', u'/bundles/cards/01046.png')
('Card name: %s, imagesrc: %s', u'.41 Derringer', u'/bundles/cards/01047.jpg')
('Card name: %s, imagesrc: %s', u'Leo De Luca', u'/bundles/cards/01048.png')
('Card name: %s, imagesrc: %s', u'Hard Knocks', u'/bundles/cards/01049.jpg')
('Card name: %s, imagesrc: %s', u'Elusive', u'/bundles/cards/01050.png')
('Card name: %s, imagesrc: %s', u'Backstab', u'/bundles/cards/01051.png')
('Card name: %s, imagesrc: %s', u'Sneak Attack', u'/bundles/cards/01052.jpg')
('Card name: %s, imagesrc: %s', u'Opportunist', u'/bundles/cards/01053.jpg')
('Card name: %s, imagesrc: %s', u'Leo De Luca', u'/bundles/cards/01054.jpg')
('Card name: %s, imagesrc: %s', u'Cat Burglar', u'/bundles/cards/01055.jpg')
('Card name: %s, imagesrc: %s', u'Sure Gamble', u'/bundles/cards/01056.jpg')
('Card name: %s, imagesrc: %s', u'Hot Streak', u'/bundles/cards/01057.png')
('Card name: %s, imagesrc: %s', u'Forbidden Knowledge', u'/bundles/cards/01058.jpg')
('Card name: %s, imagesrc: %s', u'Holy Rosary', u'/bundles/cards/01059.png')
('Card name: %s, imagesrc: %s', u'Shrivelling', u'/bundles/cards/01060.png')
('Card name: %s, imagesrc: %s', u'Scrying', u'/bundles/cards/01061.png')
('Card name: %s, imagesrc: %s', u'Arcane Studies', u'/bundles/cards/01062.jpg')
('Card name: %s, imagesrc: %s', u'Arcane Initiate', u'/bundles/cards/01063.png')
('Card name: %s, imagesrc: %s', u'Drawn to the Flame', u'/bundles/cards/01064.jpg')
('Card name: %s, imagesrc: %s', u'Ward of Protection', u'/bundles/cards/01065.jpg')
('Card name: %s, imagesrc: %s', u'Blinding Light', u'/bundles/cards/01066.png')
('Card name: %s, imagesrc: %s', u'Fearless', u'/bundles/cards/01067.jpg')
('Card name: %s, imagesrc: %s', u'Mind Wipe', u'/bundles/cards/01068.jpg')
('Card name: %s, imagesrc: %s', u'Blinding Light', u'/bundles/cards/01069.png')
('Card name: %s, imagesrc: %s', u'Book of Shadows', u'/bundles/cards/01070.jpg')
('Card name: %s, imagesrc: %s', u'Grotesque Statue', u'/bundles/cards/01071.png')
('Card name: %s, imagesrc: %s', u'Leather Coat', u'/bundles/cards/01072.jpg')
('Card name: %s, imagesrc: %s', u'Scavenging', u'/bundles/cards/01073.png')
('Card name: %s, imagesrc: %s', u'Baseball Bat', u'/bundles/cards/01074.png')
('Card name: %s, imagesrc: %s', u"Rabbit's Foot", u'/bundles/cards/01075.png')
('Card name: %s, imagesrc: %s', u'Stray Cat', u'/bundles/cards/01076.png')
('Card name: %s, imagesrc: %s', u'Dig Deep', u'/bundles/cards/01077.png')
('Card name: %s, imagesrc: %s', u'Cunning Distraction', u'/bundles/cards/01078.jpg')
('Card name: %s, imagesrc: %s', u'"Look what I found!"', u'/bundles/cards/01079.jpg')
('Card name: %s, imagesrc: %s', u'Lucky!', u'/bundles/cards/01080.png')
('Card name: %s, imagesrc: %s', u'Survival Instinct', u'/bundles/cards/01081.jpg')
('Card name: %s, imagesrc: %s', u'Aquinnah', u'/bundles/cards/01082.png')
('Card name: %s, imagesrc: %s', u'Close Call', u'/bundles/cards/01083.jpg')
('Card name: %s, imagesrc: %s', u'Lucky!', u'/bundles/cards/01084.png')
('Card name: %s, imagesrc: %s', u'Will to Survive', u'/bundles/cards/01085.jpg')
('Card name: %s, imagesrc: %s', u'Knife', u'/bundles/cards/01086.png')
('Card name: %s, imagesrc: %s', u'Flashlight', u'/bundles/cards/01087.png')
('Card name: %s, imagesrc: %s', u'Emergency Cache', u'/bundles/cards/01088.jpg')
('Card name: %s, imagesrc: %s', u'Guts', u'/bundles/cards/01089.jpg')
('Card name: %s, imagesrc: %s', u'Perception', u'/bundles/cards/01090.png')
('Card name: %s, imagesrc: %s', u'Overpower', u'/bundles/cards/01091.jpg')
('Card name: %s, imagesrc: %s', u'Manual Dexterity', u'/bundles/cards/01092.jpg')
('Card name: %s, imagesrc: %s', u'Unexpected Courage', u'/bundles/cards/01093.png')
('Card name: %s, imagesrc: %s', u'Bulletproof Vest', u'/bundles/cards/01094.png')
('Card name: %s, imagesrc: %s', u'Elder Sign Amulet', u'/bundles/cards/01095.jpg')
('Card name: %s, imagesrc: %s', u'Amnesia', u'/bundles/cards/01096.png')
('Card name: %s, imagesrc: %s', u'Paranoia', u'/bundles/cards/01097.png')
('Card name: %s, imagesrc: %s', u'Haunted', u'/bundles/cards/01098.jpg')
('Card name: %s, imagesrc: %s', u'Psychosis', u'/bundles/cards/01099.jpg')
('Card name: %s, imagesrc: %s', u'Hypochondria', u'/bundles/cards/01100.jpg')
('Card name: %s, imagesrc: %s', u'Mob Enforcer', u'/bundles/cards/01101.jpg')
('Card name: %s, imagesrc: %s', u'Silver Twilight Acolyte', u'/bundles/cards/01102.jpg')
('Card name: %s, imagesrc: %s', u'Stubborn Detective', u'/bundles/cards/01103.jpg')
('Card name: %s, imagesrc: %s', u'The Gathering', u'/bundles/cards/01104.jpg')
('Card name: %s, imagesrc: %s', u"What's Going On?!", u'/bundles/cards/01105.jpg')
('Card name: %s, imagesrc: %s', u'Rise of the Ghouls', u'/bundles/cards/01106.jpg')
('Card name: %s, imagesrc: %s', u"They're Getting Out!", u'/bundles/cards/01107.jpg')
('Card name: %s, imagesrc: %s', u'Trapped', u'/bundles/cards/01108.jpg')
('Card name: %s, imagesrc: %s', u'The Barrier', u'/bundles/cards/01109.jpg')
('Card name: %s, imagesrc: %s', u'What Have You Done?', u'/bundles/cards/01110.jpg')
('Card name: %s, imagesrc: %s', u'Study', u'/bundles/cards/01111.png')
('Card name: %s, imagesrc: %s', u'Hallway', u'/bundles/cards/01112.jpg')
('Card name: %s, imagesrc: %s', u'Attic', u'/bundles/cards/01113.jpg')
('Card name: %s, imagesrc: %s', u'Cellar', u'/bundles/cards/01114.jpg')
('Card name: %s, imagesrc: %s', u'Parlor', u'/bundles/cards/01115.jpg')
('Card name: %s, imagesrc: %s', u'Ghoul Priest', u'/bundles/cards/01116.png')
('Card name: %s, imagesrc: %s', u'Lita Chantler', u'/bundles/cards/01117.jpg')
('Card name: %s, imagesrc: %s', u'Flesh-Eater', u'/bundles/cards/01118.jpg')
('Card name: %s, imagesrc: %s', u'Icy Ghoul', u'/bundles/cards/01119.png')
('Card name: %s, imagesrc: %s', u'The Midnight Masks', u'/bundles/cards/01120.jpg')
('Card name: %s, imagesrc: %s', u'Predator or Prey', u'/bundles/cards/01121a.jpg')
('Card name: %s, imagesrc: %s', u'Time Is Running Short', u'/bundles/cards/01122.jpg')
('Card name: %s, imagesrc: %s', u'Uncovering the Conspiracy', u'/bundles/cards/01123.jpg')
('Card name: %s, imagesrc: %s', u'Your House', u'/bundles/cards/01124.jpg')
('Card name: %s, imagesrc: %s', u'Rivertown', u'/bundles/cards/01125.jpg')
('Card name: %s, imagesrc: %s', u'Southside', u'/bundles/cards/01126.jpg')
('Card name: %s, imagesrc: %s', u'Southside', u'/bundles/cards/01127.jpg')
('Card name: %s, imagesrc: %s', u"St. Mary's Hospital", u'/bundles/cards/01128.jpg')
('Card name: %s, imagesrc: %s', u'Miskatonic University', u'/bundles/cards/01129.jpg')
('Card name: %s, imagesrc: %s', u'Downtown', u'/bundles/cards/01130.jpg')
('Card name: %s, imagesrc: %s', u'Downtown', u'/bundles/cards/01131.jpg')
('Card name: %s, imagesrc: %s', u'Easttown', u'/bundles/cards/01132.jpg')
('Card name: %s, imagesrc: %s', u'Graveyard', u'/bundles/cards/01133.jpg')
('Card name: %s, imagesrc: %s', u'Northside', u'/bundles/cards/01134.jpg')
('Card name: %s, imagesrc: %s', u'Hunting Shadow', u'/bundles/cards/01135.jpg')
('Card name: %s, imagesrc: %s', u'False Lead', u'/bundles/cards/01136.jpg')
('Card name: %s, imagesrc: %s', u'"Wolf-Man" Drew', u'/bundles/cards/01137.jpg')
('Card name: %s, imagesrc: %s', u'Herman Collins', u'/bundles/cards/01138.jpg')
('Card name: %s, imagesrc: %s', u'Peter Warren', u'/bundles/cards/01139.jpg')
('Card name: %s, imagesrc: %s', u'Victoria Devereux', u'/bundles/cards/01140.jpg')
('Card name: %s, imagesrc: %s', u'Ruth Turner', u'/bundles/cards/01141.jpg')
('Card name: %s, imagesrc: %s', u'The Devourer Below', u'/bundles/cards/01142.jpg')
('Card name: %s, imagesrc: %s', u'The Arkham Woods', u'/bundles/cards/01143.jpg')
('Card name: %s, imagesrc: %s', u'The Ritual Begins', u'/bundles/cards/01144.jpg')
('Card name: %s, imagesrc: %s', u'Vengeance Awaits', u'/bundles/cards/01145.jpg')
('Card name: %s, imagesrc: %s', u'Investigating the Trail', u'/bundles/cards/01146.jpg')
('Card name: %s, imagesrc: %s', u'Into the Darkness', u'/bundles/cards/01147.jpg')
('Card name: %s, imagesrc: %s', u'Disrupting the Ritual', u'/bundles/cards/01148.jpg')
('Card name: %s, imagesrc: %s', u'Main Path', u'/bundles/cards/01149.jpg')
('Card name: %s, imagesrc: %s', u'Arkham Woods', u'/bundles/cards/01150.jpg')
('Card name: %s, imagesrc: %s', u'Arkham Woods', u'/bundles/cards/01151.jpg')
('Card name: %s, imagesrc: %s', u'Arkham Woods', u'/bundles/cards/01152.jpg')
('Card name: %s, imagesrc: %s', u'Arkham Woods', u'/bundles/cards/01153.jpg')
('Card name: %s, imagesrc: %s', u'Arkham Woods', u'/bundles/cards/01154.jpg')
('Card name: %s, imagesrc: %s', u'Arkham Woods', u'/bundles/cards/01155.jpg')
('Card name: %s, imagesrc: %s', u'Ritual Site', u'/bundles/cards/01156.jpg')
('Card name: %s, imagesrc: %s', u'Um\xf4rdhoth', u'/bundles/cards/01157.jpg')
('Card name: %s, imagesrc: %s', u"Um\xf4rdhoth's Wrath", u'/bundles/cards/01158.jpg')
('Card name: %s, imagesrc: %s', u'Swarm of Rats', u'/bundles/cards/01159.png')
('Card name: %s, imagesrc: %s', u'Ghoul Minion', u'/bundles/cards/01160.jpg')
('Card name: %s, imagesrc: %s', u'Ravenous Ghoul', u'/bundles/cards/01161.png')
('Card name: %s, imagesrc: %s', u'Grasping Hands', u'/bundles/cards/01162.png')
('Card name: %s, imagesrc: %s', u'Rotting Remains', u'/bundles/cards/01163.png')
('Card name: %s, imagesrc: %s', u'Frozen in Fear', u'/bundles/cards/01164.png')
('Card name: %s, imagesrc: %s', u'Dissonant Voices', u'/bundles/cards/01165.png')
('Card name: %s, imagesrc: %s', u'Ancient Evils', u'/bundles/cards/01166.jpg')
('Card name: %s, imagesrc: %s', u'Crypt Chill', u'/bundles/cards/01167.jpg')
('Card name: %s, imagesrc: %s', u'Obscuring Fog', u'/bundles/cards/01168.jpg')
('Card name: %s, imagesrc: %s', u'Acolyte', u'/bundles/cards/01169.jpg')
('Card name: %s, imagesrc: %s', u'Wizard of the Order', u'/bundles/cards/01170.jpg')
('Card name: %s, imagesrc: %s', u'Mysterious Chanting', u'/bundles/cards/01171.png')
('Card name: %s, imagesrc: %s', u'Hunting Nightgaunt', u'/bundles/cards/01172.jpg')
('Card name: %s, imagesrc: %s', u'On Wings of Darkness', u'/bundles/cards/01173.jpg')
('Card name: %s, imagesrc: %s', u'Locked Door', u'/bundles/cards/01174.jpg')
('Card name: %s, imagesrc: %s', u'Screeching Byakhee', u'/bundles/cards/01175.jpg')
('Card name: %s, imagesrc: %s', u'The Yellow Sign', u'/bundles/cards/01176.jpg')
('Card name: %s, imagesrc: %s', u'Yithian Observer', u'/bundles/cards/01177.jpg')
('Card name: %s, imagesrc: %s', u'Offer of Power', u'/bundles/cards/01178.jpg')
('Card name: %s, imagesrc: %s', u'Relentless Dark Young', u'/bundles/cards/01179.jpg')
('Card name: %s, imagesrc: %s', u'Goat Spawn', u'/bundles/cards/01180.jpg')
('Card name: %s, imagesrc: %s', u'Young Deep One', u'/bundles/cards/01181.jpg')
('Card name: %s, imagesrc: %s', u"Dreams of R'lyeh", u'/bundles/cards/01182.jpg')
